<?xml version="1.0" encoding="UTF-8"?>
<!-- Generated by org.testng.reporters.JUnitReportReporter -->
<testsuite skipped="0" hostname="surender-pc" name="testngdemo.GoogleSuggestions" tests="1" failures="0" timestamp="22 Oct 2017 02:31:35 GMT" time="7.921" errors="0">
  <testcase name="googleSuggestions" time="7.921" classname="testngdemo.GoogleSuggestions"/>
</testsuite> <!-- testngdemo.GoogleSuggestions -->
