<?xml version="1.0" encoding="UTF-8"?>
<!-- Generated by org.testng.reporters.JUnitReportReporter -->
<testsuite skipped="0" hostname="surender-pc" name="rajesh.EbayDropDown" tests="1" failures="0" timestamp="04 Nov 2017 03:47:56 GMT" time="0.008" errors="0">
  <testcase name="SelectDropDown" time="0.008" classname="rajesh.EbayDropDown"/>
</testsuite> <!-- rajesh.EbayDropDown -->
