<?xml version="1.0" encoding="UTF-8"?>
<!-- Generated by org.testng.reporters.JUnitReportReporter -->
<testsuite skipped="0" hostname="surender-pc" name="testngdemo.googleDemo" tests="2" failures="0" timestamp="15 Nov 2017 02:55:22 GMT" time="3.517" errors="0">
  <testcase name="f" time="2.110" classname="testngdemo.googleDemo"/>
  <testcase name="g" time="1.407" classname="testngdemo.googleDemo"/>
</testsuite> <!-- testngdemo.googleDemo -->
