<?xml version="1.0" encoding="UTF-8"?>
<!-- Generated by org.testng.reporters.JUnitReportReporter -->
<testsuite skipped="0" hostname="surender-pc" name="testngnew.FacebookTestFromExcel" tests="1" failures="0" timestamp="18 Nov 2017 03:52:22 GMT" time="34.381" errors="0">
  <testcase name="facebookTestExcel" time="34.381" classname="testngnew.FacebookTestFromExcel"/>
</testsuite> <!-- testngnew.FacebookTestFromExcel -->
