<?xml version="1.0" encoding="UTF-8"?>
<!-- Generated by org.testng.reporters.JUnitReportReporter -->
<testsuite skipped="0" hostname="surender-pc" name="testngdemo.YahooDrivenTest" tests="3" failures="0" timestamp="19 Oct 2017 01:44:28 GMT" time="32.058" errors="0">
  <testcase name="yahooSearchTest" time="9.384" classname="testngdemo.YahooDrivenTest"/>
  <testcase name="yahooSearchTest" time="13.160" classname="testngdemo.YahooDrivenTest"/>
  <testcase name="yahooSearchTest" time="9.514" classname="testngdemo.YahooDrivenTest"/>
</testsuite> <!-- testngdemo.YahooDrivenTest -->
