<?xml version="1.0" encoding="UTF-8"?>
<!-- Generated by org.testng.reporters.JUnitReportReporter -->
<testsuite skipped="0" hostname="surender-pc" name="rizwaana.ReadDataFromExcel" tests="1" failures="0" timestamp="25 Oct 2017 00:25:46 GMT" time="16.199" errors="0">
  <testcase name="googleTest" time="16.199" classname="rizwaana.ReadDataFromExcel"/>
</testsuite> <!-- rizwaana.ReadDataFromExcel -->
