<?xml version="1.0" encoding="UTF-8"?>
<!-- Generated by org.testng.reporters.JUnitReportReporter -->
<testsuite skipped="0" hostname="surender-pc" name="rizwaana.GoogleExcel" tests="1" failures="0" timestamp="01 Nov 2017 01:52:48 GMT" time="17.485" errors="0">
  <testcase name="f" time="17.485" classname="rizwaana.GoogleExcel"/>
</testsuite> <!-- rizwaana.GoogleExcel -->
