<?xml version="1.0" encoding="UTF-8"?>
<!-- Generated by org.testng.reporters.JUnitReportReporter -->
<testsuite skipped="0" hostname="surender-pc" name="testngdemo.GroupingDemo" tests="2" failures="0" timestamp="22 Oct 2017 01:59:20 GMT" time="0.013" errors="0">
  <testcase name="smokeTest2" time="0.002" classname="testngdemo.GroupingDemo"/>
  <testcase name="smokeTest1" time="0.011" classname="testngdemo.GroupingDemo"/>
</testsuite> <!-- testngdemo.GroupingDemo -->
