<?xml version="1.0" encoding="UTF-8"?>
<!-- Generated by org.testng.reporters.JUnitReportReporter -->
<testsuite skipped="0" hostname="surender-pc" name="rizwaana.ReadDataForFacebook" tests="1" failures="0" timestamp="27 Oct 2017 01:49:32 GMT" time="34.006" errors="0">
  <testcase name="f" time="34.006" classname="rizwaana.ReadDataForFacebook"/>
</testsuite> <!-- rizwaana.ReadDataForFacebook -->
