<?xml version="1.0" encoding="UTF-8"?>
<!-- Generated by org.testng.reporters.JUnitReportReporter -->
<testsuite skipped="0" hostname="surender-pc" name="testngnew.YahooDataDrivenTest" tests="3" failures="0" timestamp="16 Nov 2017 22:23:55 GMT" time="15.691" errors="0">
  <testcase name="yahooSearch" time="4.998" classname="testngnew.YahooDataDrivenTest"/>
  <testcase name="yahooSearch" time="6.757" classname="testngnew.YahooDataDrivenTest"/>
  <testcase name="yahooSearch" time="3.936" classname="testngnew.YahooDataDrivenTest"/>
</testsuite> <!-- testngnew.YahooDataDrivenTest -->
