<?xml version="1.0" encoding="UTF-8"?>
<!-- Generated by org.testng.reporters.JUnitReportReporter -->
<testsuite skipped="0" hostname="surender-pc" name="testngnew.GoogleDataDriven" tests="3" failures="0" timestamp="17 Nov 2017 18:47:51 GMT" time="73.696" errors="0">
  <testcase name="googleSeach" time="21.921" classname="testngnew.GoogleDataDriven"/>
  <testcase name="googleSeach" time="25.501" classname="testngnew.GoogleDataDriven"/>
  <testcase name="googleSeach" time="26.274" classname="testngnew.GoogleDataDriven"/>
</testsuite> <!-- testngnew.GoogleDataDriven -->
