<?xml version="1.0" encoding="UTF-8"?>
<!-- Generated by org.testng.reporters.JUnitReportReporter -->
<testsuite skipped="0" hostname="surender-pc" name="rizwaana.AmazonTableTestng" tests="1" failures="0" timestamp="01 Nov 2017 15:50:16 GMT" time="16.187" errors="0">
  <testcase name="clickLinkInTable" time="16.187" classname="rizwaana.AmazonTableTestng"/>
</testsuite> <!-- rizwaana.AmazonTableTestng -->
