<?xml version="1.0" encoding="UTF-8"?>
<!-- Generated by org.testng.reporters.JUnitReportReporter -->
<testsuite skipped="0" hostname="surender-pc" name="testngnew.FacebookLogoutFromXml" tests="1" failures="0" timestamp="18 Nov 2017 02:50:21 GMT" time="19.633" errors="0">
  <testcase name="facebookTest" time="19.633" classname="testngnew.FacebookLogoutFromXml"/>
</testsuite> <!-- testngnew.FacebookLogoutFromXml -->
