<?xml version="1.0" encoding="UTF-8"?>
<!-- Generated by org.testng.reporters.JUnitReportReporter -->
<testsuite skipped="0" hostname="surender-pc" name="testngnew.FacebookLogout" tests="1" failures="0" timestamp="17 Nov 2017 18:52:34 GMT" time="69.262" errors="0">
  <testcase name="facebookTest" time="69.262" classname="testngnew.FacebookLogout"/>
</testsuite> <!-- testngnew.FacebookLogout -->
