<?xml version="1.0" encoding="UTF-8"?>
<!-- Generated by org.testng.reporters.JUnitReportReporter -->
<testsuite skipped="0" hostname="surender-pc" name="rizwaana.GoogleTestng" tests="1" failures="0" timestamp="24 Oct 2017 00:13:42 GMT" time="6.209" errors="0">
  <testcase name="openBrowser" time="6.209" classname="rizwaana.GoogleTestng"/>
</testsuite> <!-- rizwaana.GoogleTestng -->
