<?xml version="1.0" encoding="UTF-8"?>
<!-- Generated by org.testng.reporters.JUnitReportReporter -->
<testsuite skipped="0" hostname="surender-pc" name="rizwaana.FlipkartTablesTestng" tests="1" failures="0" timestamp="24 Oct 2017 00:28:05 GMT" time="10.951" errors="0">
  <testcase name="TablesDemo" time="10.951" classname="rizwaana.FlipkartTablesTestng"/>
</testsuite> <!-- rizwaana.FlipkartTablesTestng -->
