<?xml version="1.0" encoding="UTF-8"?>
<!-- Generated by org.testng.reporters.JUnitReportReporter -->
<testsuite skipped="0" hostname="surender-pc" name="testngnew.FacebookDataDrivenTest" tests="2" failures="0" timestamp="18 Nov 2017 02:52:02 GMT" time="37.039" errors="0">
  <testcase name="facebookTest" time="15.386" classname="testngnew.FacebookDataDrivenTest"/>
  <testcase name="facebookTest" time="21.653" classname="testngnew.FacebookDataDrivenTest"/>
</testsuite> <!-- testngnew.FacebookDataDrivenTest -->
