<?xml version="1.0" encoding="UTF-8"?>
<!-- Generated by org.testng.reporters.JUnitReportReporter -->
<testsuite skipped="0" hostname="surender-pc" name="TestNg.YahooDrivenTestDemo" tests="3" failures="0" timestamp="22 Jun 2017 00:24:55 GMT" time="174.107" errors="0">
  <testcase name="yahooSearchTest" time="66.144" classname="TestNg.YahooDrivenTestDemo"/>
  <testcase name="yahooSearchTest" time="62.403" classname="TestNg.YahooDrivenTestDemo"/>
  <testcase name="yahooSearchTest" time="45.560" classname="TestNg.YahooDrivenTestDemo"/>
</testsuite> <!-- TestNg.YahooDrivenTestDemo -->
